;  ASM code generated by mikroVirtualMachine for PIC - V. 6.2.1.0
;  Date/Time: 28-May-11 5:35:30 PM
;  Info: http://www.mikroelektronika.co.yu


; ADDRESS	OPCODE	ASM
; ----------------------------------------------
$0000	$282A			GOTO	_main
$0004	$	_Spi_Write:
$0004	$1303			BCF	STATUS, RP1
$0005	$1283			BCF	STATUS, RP0
$0006	$0821			MOVF	FARG_Spi_Write+0, 0
$0007	$0093			MOVWF	SSPBUF
$0008	$	L_Spi_Write_6:
$0008	$3001			MOVLW	1
$0009	$1683			BSF	STATUS, RP0
$000A	$0514			ANDWF	SSPSTAT, 0
$000B	$00F1			MOVWF	STACK_1
$000C	$0871			MOVF	STACK_1, 0
$000D	$3A00			XORLW	0
$000E	$1D03			BTFSS	STATUS, Z
$000F	$2812			GOTO	L_Spi_Write_7
$0010	$0000			NOP
$0011	$2808			GOTO	L_Spi_Write_6
$0012	$	L_Spi_Write_7:
$0012	$1283			BCF	STATUS, RP0
$0013	$0813			MOVF	SSPBUF, 0
$0014	$00A2			MOVWF	Spi_Write_tmp_L0
$0015	$0008			RETURN
$0016	$	_write_data:
;MP3_1.c,7 :: 		void write_data(char data)
;MP3_1.c,9 :: 		delay_us(1000);          // Must delay!
$0016	$3002			MOVLW	2
$0017	$1303			BCF	STATUS, RP1
$0018	$1283			BCF	STATUS, RP0
$0019	$00FB			MOVWF	STACK_11
$001A	$30FF			MOVLW	255
$001B	$00FA			MOVWF	STACK_10
$001C	$0BFB			DECFSZ	STACK_11, F
$001D	$281F			GOTO	$+2
$001E	$2822			GOTO	$+4
$001F	$0BFA			DECFSZ	STACK_10, F
$0020	$281F			GOTO	$-1
$0021	$281C			GOTO	$-5
$0022	$304A			MOVLW	74
$0023	$00FA			MOVWF	STACK_10
$0024	$0BFA			DECFSZ	STACK_10, F
$0025	$2824			GOTO	$-1
;MP3_1.c,10 :: 		spi_write(data);             // Write the data
$0026	$0820			MOVF	FARG_write_data+0, 0
$0027	$00A1			MOVWF	FARG_Spi_Write+0
$0028	$2004			CALL	_Spi_Write
;MP3_1.c,11 :: 		}
$0029	$0008			RETURN
$002A	$	_main:
;MP3_1.c,13 :: 		void main()
;MP3_1.c,15 :: 		write_data(0xaa);
$002A	$30AA			MOVLW	170
$002B	$1303			BCF	STATUS, RP1
$002C	$1283			BCF	STATUS, RP0
$002D	$00A0			MOVWF	FARG_write_data+0
$002E	$2016			CALL	_write_data
;MP3_1.c,16 :: 		}
$002F	$282F			GOTO	$


//** Procedures locations **
//ADDRESS		PROCEDURE
//----------------------------------------------
$0004		Spi_Write
$0016		write_data
$002A		main


//** Labels locations **
//ADDRESS		LABEL
//----------------------------------------------
$0004		_Spi_Write:
$0008		L_Spi_Write_6:
$0012		L_Spi_Write_7:
$0016		_write_data:
$002A		_main:


//** Variables locations **
//ADDRESS		VARIABLE
//----------------------------------------------
$0000		INDF
$0002		PCL
$0003		STATUS
$0004		FSR
$000A		PCLATH
$0013		SSPBUF
$0020		FARG_write_data+0
$0021		FARG_Spi_Write+0
$0022		Spi_Write_tmp_L0
$0070		STACK_0
$0071		STACK_1
$0072		STACK_2
$0073		STACK_3
$0074		STACK_4
$0075		STACK_5
$0076		STACK_6
$0077		STACK_7
$0078		STACK_8
$0079		STACK_9
$007A		STACK_10
$007B		STACK_11
$007C		STACK_12
$007D		STACK_13
$007E		STACK_14
$007F		STACK_15
$0094		SSPSTAT


